#
# There is insufficient memory for the Java Runtime Environment to continue.
# Native memory allocation (malloc) failed to allocate 1127056 bytes for Chunk::new
# Possible reasons:
#   The system is out of physical RAM or swap space
#   The process is running with CompressedOops enabled, and the Java Heap may be blocking the growth of the native heap
# Possible solutions:
#   Reduce memory load on the system
#   Increase physical memory or swap space
#   Check if swap backing store is full
#   Decrease Java heap size (-Xmx/-Xms)
#   Decrease number of Java threads
#   Decrease Java thread stack sizes (-Xss)
#   Set larger code cache with -XX:ReservedCodeCacheSize=
#   JVM is running with Unscaled Compressed Oops mode in which the Java heap is
#     placed in the first 4GB address space. The Java Heap base address is the
#     maximum limit for the native heap growth. Please use -XX:HeapBaseMinAddress
#     to set the Java Heap base and to place the Java Heap above 4GB virtual address.
# This output file may be truncated or incomplete.
#
#  Out of Memory Error (allocation.cpp:389), pid=25936, tid=0x0000000000001610
#
# JRE version: OpenJDK Runtime Environment (8.0) (build 1.8.0-25-microsoft-b00)
# Java VM: OpenJDK 64-Bit Server VM (25.71-b00 mixed mode windows-amd64 compressed oops)
# Failed to write core dump. Minidumps are not enabled by default on client versions of Windows
#

---------------  T H R E A D  ---------------

Current thread (0x0000000017755000):  JavaThread "C2 CompilerThread1" daemon [_thread_in_native, id=5648, stack(0x0000000018120000,0x0000000018220000)]

Stack: [0x0000000018120000,0x0000000018220000]
[error occurred during error reporting (printing stack bounds), id 0xc0000005]

Native frames: (J=compiled Java code, j=interpreted, Vv=VM code, C=native code)


Current CompileTask:
C2:   3636 2184       4       com.android.tools.r8.shaking.Enqueuer::internalEnqueueRootItem (299 bytes)


---------------  P R O C E S S  ---------------

Java Threads: ( => current thread )
  0x00000000189ee800 JavaThread "ForkJoinPool-1-worker-0" daemon [_thread_blocked, id=6172, stack(0x0000000019220000,0x0000000019320000)]
  0x00000000189ed800 JavaThread "ForkJoinPool-1-worker-3" daemon [_thread_blocked, id=5636, stack(0x0000000019120000,0x0000000019220000)]
  0x00000000189e6800 JavaThread "ForkJoinPool-1-worker-2" daemon [_thread_blocked, id=16864, stack(0x0000000019020000,0x0000000019120000)]
  0x00000000189e6000 JavaThread "ForkJoinPool-1-worker-1" daemon [_thread_blocked, id=11216, stack(0x0000000018f20000,0x0000000019020000)]
  0x00000000177ee000 JavaThread "Service Thread" daemon [_thread_blocked, id=27180, stack(0x0000000018420000,0x0000000018520000)]
  0x0000000017767800 JavaThread "C1 CompilerThread3" daemon [_thread_in_native, id=23888, stack(0x0000000018320000,0x0000000018420000)]
  0x0000000017759800 JavaThread "C2 CompilerThread2" daemon [_thread_in_native, id=26048, stack(0x0000000018220000,0x0000000018320000)]
=>0x0000000017755000 JavaThread "C2 CompilerThread1" daemon [_thread_in_native, id=5648, stack(0x0000000018120000,0x0000000018220000)]
  0x0000000017753000 JavaThread "C2 CompilerThread0" daemon [_thread_in_native, id=25492, stack(0x0000000018020000,0x0000000018120000)]
  0x0000000017751800 JavaThread "Attach Listener" daemon [_thread_blocked, id=3864, stack(0x0000000017f20000,0x0000000018020000)]
  0x0000000017750800 JavaThread "Signal Dispatcher" daemon [_thread_blocked, id=20060, stack(0x0000000017e20000,0x0000000017f20000)]
  0x0000000017741000 JavaThread "Finalizer" daemon [_thread_blocked, id=19204, stack(0x0000000017c20000,0x0000000017d20000)]
  0x0000000002e28800 JavaThread "Reference Handler" daemon [_thread_blocked, id=17268, stack(0x0000000017b20000,0x0000000017c20000)]
  0x0000000002d34000 JavaThread "main" [_thread_in_Java, id=18636, stack(0x0000000002b30000,0x0000000002c30000)]

Other Threads:
  0x0000000015948800 VMThread [stack: 0x0000000017620000,0x0000000017720000] [id=3060]
  0x00000000177ef000 WatcherThread [stack: 0x0000000018520000,0x0000000018620000] [id=25124]

VM state:not at safepoint (normal execution)

VM Mutex/Monitor currently owned by a thread: None

heap address: 0x00000000c0000000, size: 1024 MB, Compressed Oops mode: 32-bit
Narrow klass base: 0x0000000000000000, Narrow klass shift: 3
Compressed class space size: 1073741824 Address: 0x0000000100000000

Heap:
 PSYoungGen      total 140800K, used 139782K [0x00000000eab00000, 0x00000000f3f00000, 0x0000000100000000)
  eden space 130048K, 99% used [0x00000000eab00000,0x00000000f29099d8,0x00000000f2a00000)
  from space 10752K, 99% used [0x00000000f2a00000,0x00000000f3478080,0x00000000f3480000)
  to   space 10752K, 0% used [0x00000000f3480000,0x00000000f3480000,0x00000000f3f00000)
 ParOldGen       total 173568K, used 106662K [0x00000000c0000000, 0x00000000ca980000, 0x00000000eab00000)
  object space 173568K, 61% used [0x00000000c0000000,0x00000000c6829890,0x00000000ca980000)
 Metaspace       used 11347K, capacity 12376K, committed 12672K, reserved 1060864K
  class space    used 1378K, capacity 1582K, committed 1664K, reserved 1048576K

Card table byte_map: [0x00000000121f0000,0x0000000012400000] byte_map_base: 0x0000000011bf0000

Marking Bits: (ParMarkBitMap*) 0x000000006f2c8f30
 Begin Bits: [0x0000000012d60000, 0x0000000013d60000)
 End Bits:   [0x0000000013d60000, 0x0000000014d60000)

Polling page: 0x0000000002ab0000

CodeCache: size=245760Kb used=9985Kb max_used=9985Kb free=235774Kb
 bounds [0x0000000002e30000, 0x0000000003800000, 0x0000000011e30000]
 total_blobs=3103 nmethods=2769 adapters=247
 compilation: enabled

Compilation events (10 events):
Event: 3.606 Thread 0x0000000017767800 nmethod 2836 0x00000000037b2890 code [0x00000000037b3580, 0x00000000037bc458]
Event: 3.606 Thread 0x0000000017767800 2850       2       com.android.tools.r8.z.a.a.f::a (98 bytes)
Event: 3.607 Thread 0x0000000017767800 nmethod 2850 0x00000000037d1490 code [0x00000000037d1640, 0x00000000037d1af8]
Event: 3.607 Thread 0x0000000017767800 2847       2       com.android.tools.r8.z.a.a.f::a (78 bytes)
Event: 3.608 Thread 0x0000000017767800 nmethod 2847 0x00000000037d2090 code [0x00000000037d2240, 0x00000000037d2698]
Event: 3.608 Thread 0x0000000017767800 2840 %     2       com.android.tools.r8.z.a.a.f::a @ 1664 (3630 bytes)
Event: 3.629 Thread 0x0000000017767800 nmethod 2840% 0x00000000037d2ad0 code [0x00000000037d3a60, 0x00000000037ddc08]
Event: 3.629 Thread 0x0000000017767800 2839       2       com.android.tools.r8.q.a.a.b.n2::contains (58 bytes)
Event: 3.629 Thread 0x0000000017767800 nmethod 2839 0x00000000037f5510 code [0x00000000037f56a0, 0x00000000037f59b8]
Event: 3.629 Thread 0x0000000017767800 2869       2       com.android.tools.r8.z.a.a.f::a (3630 bytes)

GC Heap History (10 events):
Event: 0.675 GC heap before
{Heap before GC invocations=1 (full 0):
 PSYoungGen      total 75776K, used 65024K [0x00000000eab00000, 0x00000000eff80000, 0x0000000100000000)
  eden space 65024K, 100% used [0x00000000eab00000,0x00000000eea80000,0x00000000eea80000)
  from space 10752K, 0% used [0x00000000ef500000,0x00000000ef500000,0x00000000eff80000)
  to   space 10752K, 0% used [0x00000000eea80000,0x00000000eea80000,0x00000000ef500000)
 ParOldGen       total 173568K, used 0K [0x00000000c0000000, 0x00000000ca980000, 0x00000000eab00000)
  object space 173568K, 0% used [0x00000000c0000000,0x00000000c0000000,0x00000000ca980000)
 Metaspace       used 7479K, capacity 7856K, committed 8064K, reserved 1056768K
  class space    used 919K, capacity 1040K, committed 1152K, reserved 1048576K
Event: 0.689 GC heap after
Heap after GC invocations=1 (full 0):
 PSYoungGen      total 75776K, used 10720K [0x00000000eab00000, 0x00000000f3f00000, 0x0000000100000000)
  eden space 65024K, 0% used [0x00000000eab00000,0x00000000eab00000,0x00000000eea80000)
  from space 10752K, 99% used [0x00000000eea80000,0x00000000ef4f81a0,0x00000000ef500000)
  to   space 10752K, 0% used [0x00000000f3480000,0x00000000f3480000,0x00000000f3f00000)
 ParOldGen       total 173568K, used 7725K [0x00000000c0000000, 0x00000000ca980000, 0x00000000eab00000)
  object space 173568K, 4% used [0x00000000c0000000,0x00000000c078b5f0,0x00000000ca980000)
 Metaspace       used 7479K, capacity 7856K, committed 8064K, reserved 1056768K
  class space    used 919K, capacity 1040K, committed 1152K, reserved 1048576K
}
Event: 1.033 GC heap before
{Heap before GC invocations=2 (full 0):
 PSYoungGen      total 75776K, used 75744K [0x00000000eab00000, 0x00000000f3f00000, 0x0000000100000000)
  eden space 65024K, 100% used [0x00000000eab00000,0x00000000eea80000,0x00000000eea80000)
  from space 10752K, 99% used [0x00000000eea80000,0x00000000ef4f81a0,0x00000000ef500000)
  to   space 10752K, 0% used [0x00000000f3480000,0x00000000f3480000,0x00000000f3f00000)
 ParOldGen       total 173568K, used 7725K [0x00000000c0000000, 0x00000000ca980000, 0x00000000eab00000)
  object space 173568K, 4% used [0x00000000c0000000,0x00000000c078b5f0,0x00000000ca980000)
 Metaspace       used 8664K, capacity 9208K, committed 9472K, reserved 1056768K
  class space    used 1062K, capacity 1202K, committed 1280K, reserved 1048576K
Event: 1.055 GC heap after
Heap after GC invocations=2 (full 0):
 PSYoungGen      total 140800K, used 10721K [0x00000000eab00000, 0x00000000f3f00000, 0x0000000100000000)
  eden space 130048K, 0% used [0x00000000eab00000,0x00000000eab00000,0x00000000f2a00000)
  from space 10752K, 99% used [0x00000000f3480000,0x00000000f3ef87b0,0x00000000f3f00000)
  to   space 10752K, 0% used [0x00000000f2a00000,0x00000000f2a00000,0x00000000f3480000)
 ParOldGen       total 173568K, used 27363K [0x00000000c0000000, 0x00000000ca980000, 0x00000000eab00000)
  object space 173568K, 15% used [0x00000000c0000000,0x00000000c1ab8df8,0x00000000ca980000)
 Metaspace       used 8664K, capacity 9208K, committed 9472K, reserved 1056768K
  class space    used 1062K, capacity 1202K, committed 1280K, reserved 1048576K
}
Event: 1.617 GC heap before
{Heap before GC invocations=3 (full 0):
 PSYoungGen      total 140800K, used 140769K [0x00000000eab00000, 0x00000000f3f00000, 0x0000000100000000)
  eden space 130048K, 100% used [0x00000000eab00000,0x00000000f2a00000,0x00000000f2a00000)
  from space 10752K, 99% used [0x00000000f3480000,0x00000000f3ef87b0,0x00000000f3f00000)
  to   space 10752K, 0% used [0x00000000f2a00000,0x00000000f2a00000,0x00000000f3480000)
 ParOldGen       total 173568K, used 27363K [0x00000000c0000000, 0x00000000ca980000, 0x00000000eab00000)
  object space 173568K, 15% used [0x00000000c0000000,0x00000000c1ab8df8,0x00000000ca980000)
 Metaspace       used 8826K, capacity 9434K, committed 9728K, reserved 1058816K
  class space    used 1075K, capacity 1207K, committed 1280K, reserved 1048576K
Event: 1.663 GC heap after
Heap after GC invocations=3 (full 0):
 PSYoungGen      total 140800K, used 10720K [0x00000000eab00000, 0x00000000f3f00000, 0x0000000100000000)
  eden space 130048K, 0% used [0x00000000eab00000,0x00000000eab00000,0x00000000f2a00000)
  from space 10752K, 99% used [0x00000000f2a00000,0x00000000f3478070,0x00000000f3480000)
  to   space 10752K, 0% used [0x00000000f3480000,0x00000000f3480000,0x00000000f3f00000)
 ParOldGen       total 173568K, used 56945K [0x00000000c0000000, 0x00000000ca980000, 0x00000000eab00000)
  object space 173568K, 32% used [0x00000000c0000000,0x00000000c379c588,0x00000000ca980000)
 Metaspace       used 8826K, capacity 9434K, committed 9728K, reserved 1058816K
  class space    used 1075K, capacity 1207K, committed 1280K, reserved 1048576K
}
Event: 2.228 GC heap before
{Heap before GC invocations=4 (full 0):
 PSYoungGen      total 140800K, used 140768K [0x00000000eab00000, 0x00000000f3f00000, 0x0000000100000000)
  eden space 130048K, 100% used [0x00000000eab00000,0x00000000f2a00000,0x00000000f2a00000)
  from space 10752K, 99% used [0x00000000f2a00000,0x00000000f3478070,0x00000000f3480000)
  to   space 10752K, 0% used [0x00000000f3480000,0x00000000f3480000,0x00000000f3f00000)
 ParOldGen       total 173568K, used 56945K [0x00000000c0000000, 0x00000000ca980000, 0x00000000eab00000)
  object space 173568K, 32% used [0x00000000c0000000,0x00000000c379c588,0x00000000ca980000)
 Metaspace       used 8831K, capacity 9434K, committed 9728K, reserved 1058816K
  class space    used 1075K, capacity 1207K, committed 1280K, reserved 1048576K
Event: 2.272 GC heap after
Heap after GC invocations=4 (full 0):
 PSYoungGen      total 140800K, used 10720K [0x00000000eab00000, 0x00000000f3f00000, 0x0000000100000000)
  eden space 130048K, 0% used [0x00000000eab00000,0x00000000eab00000,0x00000000f2a00000)
  from space 10752K, 99% used [0x00000000f3480000,0x00000000f3ef8070,0x00000000f3f00000)
  to   space 10752K, 0% used [0x00000000f2a00000,0x00000000f2a00000,0x00000000f3480000)
 ParOldGen       total 173568K, used 87066K [0x00000000c0000000, 0x00000000ca980000, 0x00000000eab00000)
  object space 173568K, 50% used [0x00000000c0000000,0x00000000c55069a8,0x00000000ca980000)
 Metaspace       used 8831K, capacity 9434K, committed 9728K, reserved 1058816K
  class space    used 1075K, capacity 1207K, committed 1280K, reserved 1048576K
}
Event: 2.883 GC heap before
{Heap before GC invocations=5 (full 0):
 PSYoungGen      total 140800K, used 140768K [0x00000000eab00000, 0x00000000f3f00000, 0x0000000100000000)
  eden space 130048K, 100% used [0x00000000eab00000,0x00000000f2a00000,0x00000000f2a00000)
  from space 10752K, 99% used [0x00000000f3480000,0x00000000f3ef8070,0x00000000f3f00000)
  to   space 10752K, 0% used [0x00000000f2a00000,0x00000000f2a00000,0x00000000f3480000)
 ParOldGen       total 173568K, used 87066K [0x00000000c0000000, 0x00000000ca980000, 0x00000000eab00000)
  object space 173568K, 50% used [0x00000000c0000000,0x00000000c55069a8,0x00000000ca980000)
 Metaspace       used 10489K, capacity 11260K, committed 11520K, reserved 1058816K
  class space    used 1281K, capacity 1442K, committed 1536K, reserved 1048576K
Event: 2.911 GC heap after
Heap after GC invocations=5 (full 0):
 PSYoungGen      total 140800K, used 10720K [0x00000000eab00000, 0x00000000f3f00000, 0x0000000100000000)
  eden space 130048K, 0% used [0x00000000eab00000,0x00000000eab00000,0x00000000f2a00000)
  from space 10752K, 99% used [0x00000000f2a00000,0x00000000f3478080,0x00000000f3480000)
  to   space 10752K, 0% used [0x00000000f3480000,0x00000000f3480000,0x00000000f3f00000)
 ParOldGen       total 173568K, used 106662K [0x00000000c0000000, 0x00000000ca980000, 0x00000000eab00000)
  object space 173568K, 61% used [0x00000000c0000000,0x00000000c6829890,0x00000000ca980000)
 Metaspace       used 10489K, capacity 11260K, committed 11520K, reserved 1058816K
  class space    used 1281K, capacity 1442K, committed 1536K, reserved 1048576K
}

Deoptimization events (10 events):
Event: 3.547 Thread 0x0000000002d34000 Uncommon trap: reason=class_check action=maybe_recompile pc=0x00000000034a8f68 method=com.android.tools.r8.z.a.a.f.a(Lcom/android/tools/r8/z/a/a/h;[Lcom/android/tools/r8/z/a/a/d;I)V @ 663
Event: 3.549 Thread 0x0000000002d34000 Uncommon trap: reason=unstable_if action=reinterpret pc=0x00000000032f4dd4 method=com.android.tools.r8.z.a.a.f.a(Lcom/android/tools/r8/z/a/a/a;IZ[C)I @ 69
Event: 3.557 Thread 0x0000000002d34000 Uncommon trap: reason=class_check action=maybe_recompile pc=0x0000000003313b88 method=com.android.tools.r8.z.a.a.f.a(Lcom/android/tools/r8/z/a/a/u;Lcom/android/tools/r8/z/a/a/k;IZ)V @ 20
Event: 3.567 Thread 0x0000000002d34000 Uncommon trap: reason=class_check action=maybe_recompile pc=0x00000000034a8f68 method=com.android.tools.r8.z.a.a.f.a(Lcom/android/tools/r8/z/a/a/h;[Lcom/android/tools/r8/z/a/a/d;I)V @ 663
Event: 3.567 Thread 0x0000000002d34000 Uncommon trap: reason=class_check action=maybe_recompile pc=0x0000000003313b88 method=com.android.tools.r8.z.a.a.f.a(Lcom/android/tools/r8/z/a/a/u;Lcom/android/tools/r8/z/a/a/k;IZ)V @ 20
Event: 3.567 Thread 0x0000000002d34000 Uncommon trap: reason=class_check action=maybe_recompile pc=0x0000000003313b88 method=com.android.tools.r8.z.a.a.f.a(Lcom/android/tools/r8/z/a/a/u;Lcom/android/tools/r8/z/a/a/k;IZ)V @ 20
Event: 3.569 Thread 0x0000000002d34000 Uncommon trap: reason=class_check action=maybe_recompile pc=0x0000000003313b88 method=com.android.tools.r8.z.a.a.f.a(Lcom/android/tools/r8/z/a/a/u;Lcom/android/tools/r8/z/a/a/k;IZ)V @ 20
Event: 3.571 Thread 0x0000000002d34000 Uncommon trap: reason=class_check action=maybe_recompile pc=0x00000000034a8f68 method=com.android.tools.r8.z.a.a.f.a(Lcom/android/tools/r8/z/a/a/h;[Lcom/android/tools/r8/z/a/a/d;I)V @ 663
Event: 3.572 Thread 0x0000000002d34000 Uncommon trap: reason=class_check action=maybe_recompile pc=0x00000000034a8f68 method=com.android.tools.r8.z.a.a.f.a(Lcom/android/tools/r8/z/a/a/h;[Lcom/android/tools/r8/z/a/a/d;I)V @ 663
Event: 3.574 Thread 0x0000000002d34000 Uncommon trap: reason=unstable_if action=reinterpret pc=0x000000000320d4fc method=com.android.tools.r8.graph.i0.a(C)I @ 7

Classes redefined (0 events):
No events

Internal exceptions (10 events):
Event: 0.516 Thread 0x0000000002d34000 Implicit null exception at 0x0000000002fff7a5 to 0x0000000002fffdf9
Event: 0.516 Thread 0x0000000002d34000 Implicit null exception at 0x0000000002ffb338 to 0x0000000002ffb7fd
Event: 0.535 Thread 0x0000000002d34000 Exception <a 'java/security/PrivilegedActionException'> (0x00000000ec27bdf8) thrown at [D:\j\worksp~1\openjd~3\jdk8u\hotspot\src\share\vm\prims\jvm.cpp, line 1508]
Event: 0.535 Thread 0x0000000002d34000 Exception <a 'java/security/PrivilegedActionException'> (0x00000000ec27c008) thrown at [D:\j\worksp~1\openjd~3\jdk8u\hotspot\src\share\vm\prims\jvm.cpp, line 1508]
Event: 0.536 Thread 0x0000000002d34000 Exception <a 'java/security/PrivilegedActionException'> (0x00000000ec2802b8) thrown at [D:\j\worksp~1\openjd~3\jdk8u\hotspot\src\share\vm\prims\jvm.cpp, line 1508]
Event: 0.536 Thread 0x0000000002d34000 Exception <a 'java/security/PrivilegedActionException'> (0x00000000ec2804c8) thrown at [D:\j\worksp~1\openjd~3\jdk8u\hotspot\src\share\vm\prims\jvm.cpp, line 1508]
Event: 0.536 Thread 0x0000000002d34000 Exception <a 'java/security/PrivilegedActionException'> (0x00000000ec281c08) thrown at [D:\j\worksp~1\openjd~3\jdk8u\hotspot\src\share\vm\prims\jvm.cpp, line 1508]
Event: 0.536 Thread 0x0000000002d34000 Exception <a 'java/security/PrivilegedActionException'> (0x00000000ec281e18) thrown at [D:\j\worksp~1\openjd~3\jdk8u\hotspot\src\share\vm\prims\jvm.cpp, line 1508]
Event: 2.849 Thread 0x0000000002d34000 Implicit null exception at 0x000000000353823b to 0x0000000003538475
Event: 3.549 Thread 0x0000000002d34000 Implicit null exception at 0x00000000032f41a3 to 0x00000000032f4dc5

Events (10 events):
Event: 3.583 loading class com/android/tools/r8/shaking/EnqueuerWorklist$MarkReachableSuperAction
Event: 3.583 loading class com/android/tools/r8/shaking/EnqueuerWorklist$MarkReachableSuperAction done
Event: 3.583 loading class com/android/tools/r8/graph/d0
Event: 3.583 loading class com/android/tools/r8/graph/d0 done
Event: 3.583 loading class com/android/tools/r8/graph/d0
Event: 3.583 loading class com/android/tools/r8/graph/d0 done
Event: 3.591 loading class com/android/tools/r8/p/n/H
Event: 3.591 loading class com/android/tools/r8/p/n/H done
Event: 3.591 loading class com/android/tools/r8/s/b/H0$a
Event: 3.591 loading class com/android/tools/r8/s/b/H0$a done


Dynamic libraries:
0x00007ff78daf0000 - 0x00007ff78db25000 	C:\Program Files\Android\Jdk\microsoft_dist_openjdk_1.8.0.25\bin\java.exe
0x00007ffb62710000 - 0x00007ffb62905000 	C:\Windows\SYSTEM32\ntdll.dll
0x00007ffb616a0000 - 0x00007ffb6175e000 	C:\Windows\System32\KERNEL32.DLL
0x00007ffb60100000 - 0x00007ffb603c9000 	C:\Windows\System32\KERNELBASE.dll
0x00007ffb62620000 - 0x00007ffb626cc000 	C:\Windows\System32\ADVAPI32.dll
0x00007ffb623b0000 - 0x00007ffb6244e000 	C:\Windows\System32\msvcrt.dll
0x00007ffb61d00000 - 0x00007ffb61d9b000 	C:\Windows\System32\sechost.dll
0x00007ffb614c0000 - 0x00007ffb615ea000 	C:\Windows\System32\RPCRT4.dll
0x00007ffb61e10000 - 0x00007ffb61fb1000 	C:\Windows\System32\USER32.dll
0x00007ffb5fe30000 - 0x00007ffb5fe52000 	C:\Windows\System32\win32u.dll
0x00007ffb61cd0000 - 0x00007ffb61cfb000 	C:\Windows\System32\GDI32.dll
0x00007ffb5fff0000 - 0x00007ffb600fb000 	C:\Windows\System32\gdi32full.dll
0x00007ffb603d0000 - 0x00007ffb6046d000 	C:\Windows\System32\msvcp_win.dll
0x00007ffb5fef0000 - 0x00007ffb5fff0000 	C:\Windows\System32\ucrtbase.dll
0x00007ffb48fc0000 - 0x00007ffb4925a000 	C:\Windows\WinSxS\amd64_microsoft.windows.common-controls_6595b64144ccf1df_6.0.19041.1110_none_60b5254171f9507e\COMCTL32.dll
0x00007ffb60c20000 - 0x00007ffb60c50000 	C:\Windows\System32\IMM32.DLL
0x000000006f350000 - 0x000000006f421000 	C:\Program Files\Android\Jdk\microsoft_dist_openjdk_1.8.0.25\jre\bin\msvcr100.dll
0x000000006eb00000 - 0x000000006f345000 	C:\Program Files\Android\Jdk\microsoft_dist_openjdk_1.8.0.25\jre\bin\server\jvm.dll
0x00007ffb620c0000 - 0x00007ffb620c8000 	C:\Windows\System32\PSAPI.DLL
0x00007ffb53cf0000 - 0x00007ffb53cf9000 	C:\Windows\SYSTEM32\WSOCK32.dll
0x00007ffb61fc0000 - 0x00007ffb6202b000 	C:\Windows\System32\WS2_32.dll
0x00007ffb59c90000 - 0x00007ffb59c9a000 	C:\Windows\SYSTEM32\VERSION.dll
0x00007ffb55e60000 - 0x00007ffb55e87000 	C:\Windows\SYSTEM32\WINMM.dll
0x00007ffb5cae0000 - 0x00007ffb5caef000 	C:\Program Files\Android\Jdk\microsoft_dist_openjdk_1.8.0.25\jre\bin\verify.dll
0x00007ffb41b70000 - 0x00007ffb41b99000 	C:\Program Files\Android\Jdk\microsoft_dist_openjdk_1.8.0.25\jre\bin\java.dll
0x00007ffb49700000 - 0x00007ffb49716000 	C:\Program Files\Android\Jdk\microsoft_dist_openjdk_1.8.0.25\jre\bin\zip.dll
0x00007ffb60c50000 - 0x00007ffb6138f000 	C:\Windows\System32\SHELL32.dll
0x00007ffb5df10000 - 0x00007ffb5e6a0000 	C:\Windows\SYSTEM32\windows.storage.dll
0x00007ffb60760000 - 0x00007ffb60ab5000 	C:\Windows\System32\combase.dll
0x00007ffb5f880000 - 0x00007ffb5f8ac000 	C:\Windows\SYSTEM32\Wldp.dll
0x00007ffb62450000 - 0x00007ffb624fd000 	C:\Windows\System32\SHCORE.dll
0x00007ffb61390000 - 0x00007ffb613e5000 	C:\Windows\System32\shlwapi.dll
0x00007ffb5fd70000 - 0x00007ffb5fd8f000 	C:\Windows\SYSTEM32\profapi.dll
0x00007ffb41e10000 - 0x00007ffb41e2a000 	C:\Program Files\Android\jdk\microsoft_dist_openjdk_1.8.0.25\jre\bin\net.dll
0x00007ffb5f5e0000 - 0x00007ffb5f64a000 	C:\Windows\system32\mswsock.dll
0x00007ffb32e80000 - 0x00007ffb32e91000 	C:\Program Files\Android\jdk\microsoft_dist_openjdk_1.8.0.25\jre\bin\nio.dll

VM Arguments:
jvm_args: -Xmx1G 
java_command: com.android.tools.r8.R8 --debug --min-api 21 --output obj\Debug\110\android\bin\ --lib C:\Program Files (x86)\Android\android-sdk\platforms\android-30\android.jar obj\Debug\110\android\bin\classes.zip C:\Program Files (x86)\Microsoft Visual Studio\2019\Community\Common7\IDE\ReferenceAssemblies\Microsoft\Framework\MonoAndroid\v11.0\mono.android.jar C:\Program Files (x86)\Microsoft Visual Studio\2019\Community\MSBuild\Xamarin\Android\\java_runtime.jar C:\Program Files (x86)\Microsoft\Xamarin\NuGet\xamarin.google.guava.listenablefuture\1.0.0.2\buildTransitive\monoandroid50\guava-listenablefuture.jar C:\Program Files (x86)\Microsoft\Xamarin\NuGet\xamarin.androidx.annotation\1.1.0.8\buildTransitive\monoandroid90\..\..\jar\androidx.annotation.annotation.jar C:\Program Files (x86)\Microsoft\Xamarin\NuGet\xamarin.androidx.collection\1.1.0.6\buildTransitive\monoandroid90\..\..\jar\androidx.collection.collection.jar C:\Program Files (x86)\Microsoft\Xamarin\NuGet\xamarin.androidx.lifecycle.common\2.2.0.4\buildTransitive\monoandroid90\..\..\jar\androidx.lifecycle.lifecycle-common.jar C:\Program Files (x86)\Microsoft\Xamarin\NuGet\xamarin.androidx.arch.core.common\2.1.0.7\buildTransitive\monoandroid90\..\..\jar\androidx.arch.core.core-common.jar obj\Debug\110\lp\0\jl\formsviewgroup.jar obj\Debug\110\lp\49\jl\classes.jar obj\Debug\110\lp\50\jl\classes.jar obj\Debug\110\lp\51\jl\classes.jar obj\Debug\110\lp\52\jl\classes.jar obj\Debug\110\lp\53\jl\classes.jar obj\Debug\110\lp\54\jl\classes.jar obj\Debug\110\lp\55\jl\classes.jar obj\Debug\110\lp\56\jl\classes.jar obj\Debug\110\lp\57\jl\classes.jar obj\Debug\110\lp\58\jl\classes.jar obj\Debug\110\lp\59\jl\classes.jar obj\Debug\110\lp\60\jl\classes.jar obj\Debug\110\lp\61\jl\classes.jar obj\Debug\110\lp\62\jl\classes.jar obj\Debug\110\lp\63\jl\classes.jar obj\Debug\110\lp\64\jl\classes.jar obj\Debug\110\lp\65\jl\classes.jar obj\Debug\110\lp\66\jl\classes.jar obj\Debug\110\lp\67\jl\classes.jar obj\Debug\110\lp\68\jl\cl
java_class_path (initial): C:\Program Files (x86)\Microsoft Visual Studio\2019\Community\MSBuild\Xamarin\Android\r8.jar
Launcher Type: SUN_STANDARD

Environment Variables:
PATH=C:\Program Files\Android\Jdk\microsoft_dist_openjdk_1.8.0.25\bin;C:\ProgramData\Oracle\Java\javapath;C:\Windows\system32;C:\Windows;C:\Windows\System32\Wbem;C:\Windows\System32\WindowsPowerShell\v1.0\;C:\Windows\System32\OpenSSH\;C:\Users\CongHau\AppData\Local\Programs\Python\Python36-32\Lib\site-packages\cmake\data\bin;C:\Program Files\dotnet\;C:\Program Files\Microsoft SQL Server\130\Tools\Binn\;C:\Program Files\Microsoft SQL Server\Client SDK\ODBC\170\Tools\Binn\;C:\Program Files\Git\cmd;c:\Program Files (x86)\Microsoft SQL Server\110\Tools\Binn\;c:\Program Files\Microsoft SQL Server\110\Tools\Binn\;c:\Program Files\Microsoft SQL Server\110\DTS\Binn\;c:\Program Files (x86)\Microsoft SQL Server\110\Tools\Binn\ManagementStudio\;c:\Program Files (x86)\Microsoft Visual Studio 10.0\Common7\IDE\PrivateAssemblies\;c:\Program Files (x86)\Microsoft SQL Server\110\DTS\Binn\;C:\Program Files\Microsoft\Web Platform Installer\;C:\Program Files (x86)\Microsoft ASP.NET\ASP.NET Web Pages\v1.0\;C:\Program Files (x86)\Rational\common;C:\Users\CongHau\AppData\Local\Android\Sdk;C:\Program Files\nodejs\;C:\xampp\php;C:\composer;C:\Users\CongHau\AppData\Local\Programs\Python\Python37\Scripts\;C:\Users\CongHau\AppData\Local\Programs\Python\Python37\;C:\Users\CongHau\AppData\Local\Programs\Python\Python36-32\Lib\site-packages\cmake\data\bin;C:\Users\CongHau\.dotnet\tools;C:\Users\CongHau\AppData\Local\Programs\Microsoft VS Code\bin;C:\Users\CongHau\AppData\Roaming\npm;C:\Users\CongHau\AppData\Roaming\Composer\vendor\bin
USERNAME=CongHau
OS=Windows_NT
PROCESSOR_IDENTIFIER=Intel64 Family 6 Model 94 Stepping 3, GenuineIntel



---------------  S Y S T E M  ---------------

OS: Windows 10.0 , 64 bit Build 19041 (10.0.19041.1202)

CPU:total 8 (initial active 8) (4 cores per cpu, 2 threads per core) family 6 model 94 stepping 3, cmov, cx8, fxsr, mmx, sse, sse2, sse3, ssse3, sse4.1, sse4.2, popcnt, avx, avx2, aes, clmul, erms, rtm, 3dnowpref, lzcnt, ht, tsc, tscinvbit, bmi1, bmi2, adx

Memory: 4k page, physical 16636788k(596204k free), swap 22249232k(9668k free)

vm_info: OpenJDK 64-Bit Server VM (25.71-b00) for windows-amd64 JRE (1.8.0-25-microsoft-b00), built on Feb  7 2019 20:09:14 by "builder" with MS VC++ 10.0 (VS2010)

time: Tue Nov 02 10:49:57 2021
timezone: SE Asia Standard Time
elapsed time: 3 seconds (0d 0h 0m 3s)

