#
# There is insufficient memory for the Java Runtime Environment to continue.
# Native memory allocation (malloc) failed to allocate 890176 bytes for Chunk::new
# Possible reasons:
#   The system is out of physical RAM or swap space
#   The process is running with CompressedOops enabled, and the Java Heap may be blocking the growth of the native heap
# Possible solutions:
#   Reduce memory load on the system
#   Increase physical memory or swap space
#   Check if swap backing store is full
#   Decrease Java heap size (-Xmx/-Xms)
#   Decrease number of Java threads
#   Decrease Java thread stack sizes (-Xss)
#   Set larger code cache with -XX:ReservedCodeCacheSize=
#   JVM is running with Zero Based Compressed Oops mode in which the Java heap is
#     placed in the first 32GB address space. The Java Heap base address is the
#     maximum limit for the native heap growth. Please use -XX:HeapBaseMinAddress
#     to set the Java Heap base and to place the Java Heap above 32GB virtual address.
# This output file may be truncated or incomplete.
#
#  Out of Memory Error (allocation.cpp:389), pid=3504, tid=0x000000000000519c
#
# JRE version: OpenJDK Runtime Environment (8.0) (build 1.8.0-25-microsoft-b00)
# Java VM: OpenJDK 64-Bit Server VM (25.71-b00 mixed mode windows-amd64 compressed oops)
# Failed to write core dump. Minidumps are not enabled by default on client versions of Windows
#

---------------  T H R E A D  ---------------

Current thread (0x000000001ebcc000):  JavaThread "C2 CompilerThread2" daemon [_thread_in_native, id=20892, stack(0x000000001f690000,0x000000001f790000)]

Stack: [0x000000001f690000,0x000000001f790000]
[error occurred during error reporting (printing stack bounds), id 0xc0000005]

Native frames: (J=compiled Java code, j=interpreted, Vv=VM code, C=native code)


Current CompileTask:
C2:   5578 2702       4       com.sun.tools.javac.comp.TransTypes::addBridgeIfNeeded (491 bytes)


---------------  P R O C E S S  ---------------

Java Threads: ( => current thread )
  0x000000001ec73800 JavaThread "Service Thread" daemon [_thread_blocked, id=18692, stack(0x000000001f890000,0x000000001f990000)]
  0x000000001ebd5000 JavaThread "C1 CompilerThread3" daemon [_thread_blocked, id=21256, stack(0x000000001f790000,0x000000001f890000)]
=>0x000000001ebcc000 JavaThread "C2 CompilerThread2" daemon [_thread_in_native, id=20892, stack(0x000000001f690000,0x000000001f790000)]
  0x000000001ebc5000 JavaThread "C2 CompilerThread1" daemon [_thread_in_native, id=13720, stack(0x000000001f590000,0x000000001f690000)]
  0x000000001ebc3000 JavaThread "C2 CompilerThread0" daemon [_thread_in_native, id=14616, stack(0x000000001f490000,0x000000001f590000)]
  0x000000001ebc2000 JavaThread "Attach Listener" daemon [_thread_blocked, id=20440, stack(0x000000001f390000,0x000000001f490000)]
  0x000000001ebc1000 JavaThread "Signal Dispatcher" daemon [_thread_blocked, id=18956, stack(0x000000001f290000,0x000000001f390000)]
  0x000000001ebb1000 JavaThread "Finalizer" daemon [_thread_blocked, id=7856, stack(0x000000001f090000,0x000000001f190000)]
  0x00000000033e7800 JavaThread "Reference Handler" daemon [_thread_blocked, id=4848, stack(0x000000001ef90000,0x000000001f090000)]
  0x00000000032f2800 JavaThread "main" [_thread_in_Java, id=21180, stack(0x0000000003140000,0x0000000003240000)]

Other Threads:
  0x000000001cdb6800 VMThread [stack: 0x000000001ea90000,0x000000001eb90000] [id=3540]
  0x000000001ec74000 WatcherThread [stack: 0x000000001f990000,0x000000001fa90000] [id=18996]

VM state:not at safepoint (normal execution)

VM Mutex/Monitor currently owned by a thread: None

heap address: 0x00000006c2200000, size: 4062 MB, Compressed Oops mode: Zero based, Oop shift amount: 3
Narrow klass base: 0x0000000000000000, Narrow klass shift: 3
Compressed class space size: 1073741824 Address: 0x00000007c0000000

Heap:
 PSYoungGen      total 24576K, used 17392K [0x000000076b600000, 0x000000076da00000, 0x00000007c0000000)
  eden space 21504K, 80% used [0x000000076b600000,0x000000076c6fc1e0,0x000000076cb00000)
  from space 3072K, 0% used [0x000000076cb00000,0x000000076cb00000,0x000000076ce00000)
  to   space 5632K, 0% used [0x000000076d480000,0x000000076d480000,0x000000076da00000)
 ParOldGen       total 14336K, used 14033K [0x00000006c2200000, 0x00000006c3000000, 0x000000076b600000)
  object space 14336K, 97% used [0x00000006c2200000,0x00000006c2fb4740,0x00000006c3000000)
 Metaspace       used 9669K, capacity 10260K, committed 10496K, reserved 1058816K
  class space    used 967K, capacity 976K, committed 1024K, reserved 1048576K

Card table byte_map: [0x00000000127b0000,0x0000000012fa0000] byte_map_base: 0x000000000f19f000

Marking Bits: (ParMarkBitMap*) 0x000000006f1b8f30
 Begin Bits: [0x0000000013cf0000, 0x0000000017c68000)
 End Bits:   [0x0000000017c68000, 0x000000001bbe0000)

Polling page: 0x0000000001920000

CodeCache: size=245760Kb used=9651Kb max_used=10838Kb free=236108Kb
 bounds [0x00000000033f0000, 0x0000000003ea0000, 0x00000000123f0000]
 total_blobs=2596 nmethods=2300 adapters=209
 compilation: enabled

Compilation events (10 events):
Event: 5.571 Thread 0x000000001ebd5000 nmethod 2849 0x00000000036dd650 code [0x00000000036dd840, 0x00000000036ddd88]
Event: 5.571 Thread 0x000000001ebd5000 2852       2       com.sun.tools.javac.comp.Attr::attribExprs (56 bytes)
Event: 5.572 Thread 0x000000001ebd5000 nmethod 2852 0x0000000003659ed0 code [0x000000000365a060, 0x000000000365a4e8]
Event: 5.572 Thread 0x000000001ebd5000 2850       2       com.sun.tools.javac.comp.MemberEnter$TypeAnnotate::annotateTypeLater (34 bytes)
Event: 5.572 Thread 0x000000001ebd5000 nmethod 2850 0x0000000003693c90 code [0x0000000003693e20, 0x0000000003694088]
Event: 5.572 Thread 0x000000001ebd5000 2851       2       com.sun.tools.javac.comp.Attr::visitNewArray (281 bytes)
Event: 5.574 Thread 0x000000001ebd5000 nmethod 2851 0x00000000038cf650 code [0x00000000038cf920, 0x00000000038d0858]
Event: 5.574 Thread 0x000000001ebd5000 2853       2       com.sun.tools.javac.comp.Resolve::accessMethod (22 bytes)
Event: 5.575 Thread 0x000000001ebd5000 nmethod 2853 0x0000000003b09610 code [0x0000000003b09780, 0x0000000003b09928]
Event: 5.576 Thread 0x000000001ebd5000 2854       2       com.sun.tools.javac.comp.TransTypes::visitNewArray (100 bytes)

GC Heap History (10 events):
Event: 4.394 GC heap before
{Heap before GC invocations=31 (full 22):
 PSYoungGen      total 24576K, used 21504K [0x000000076b600000, 0x000000076da00000, 0x00000007c0000000)
  eden space 21504K, 100% used [0x000000076b600000,0x000000076cb00000,0x000000076cb00000)
  from space 3072K, 0% used [0x000000076cb00000,0x000000076cb00000,0x000000076ce00000)
  to   space 5632K, 0% used [0x000000076d480000,0x000000076d480000,0x000000076da00000)
 ParOldGen       total 14336K, used 13835K [0x00000006c2200000, 0x00000006c3000000, 0x000000076b600000)
  object space 14336K, 96% used [0x00000006c2200000,0x00000006c2f82d50,0x00000006c3000000)
 Metaspace       used 9205K, capacity 9876K, committed 9984K, reserved 1058816K
  class space    used 966K, capacity 976K, committed 1024K, reserved 1048576K
Event: 4.457 GC heap after
Heap after GC invocations=31 (full 22):
 PSYoungGen      total 24576K, used 13920K [0x000000076b600000, 0x000000076da00000, 0x00000007c0000000)
  eden space 21504K, 64% used [0x000000076b600000,0x000000076c398238,0x000000076cb00000)
  from space 3072K, 0% used [0x000000076cb00000,0x000000076cb00000,0x000000076ce00000)
  to   space 5632K, 0% used [0x000000076d480000,0x000000076d480000,0x000000076da00000)
 ParOldGen       total 14336K, used 14223K [0x00000006c2200000, 0x00000006c3000000, 0x000000076b600000)
  object space 14336K, 99% used [0x00000006c2200000,0x00000006c2fe3c30,0x00000006c3000000)
 Metaspace       used 9205K, capacity 9876K, committed 9984K, reserved 1058816K
  class space    used 966K, capacity 976K, committed 1024K, reserved 1048576K
}
Event: 4.692 GC heap before
{Heap before GC invocations=32 (full 23):
 PSYoungGen      total 24576K, used 21504K [0x000000076b600000, 0x000000076da00000, 0x00000007c0000000)
  eden space 21504K, 100% used [0x000000076b600000,0x000000076cb00000,0x000000076cb00000)
  from space 3072K, 0% used [0x000000076cb00000,0x000000076cb00000,0x000000076ce00000)
  to   space 5632K, 0% used [0x000000076d480000,0x000000076d480000,0x000000076da00000)
 ParOldGen       total 14336K, used 14223K [0x00000006c2200000, 0x00000006c3000000, 0x000000076b600000)
  object space 14336K, 99% used [0x00000006c2200000,0x00000006c2fe3c30,0x00000006c3000000)
 Metaspace       used 9381K, capacity 10004K, committed 10240K, reserved 1058816K
  class space    used 967K, capacity 976K, committed 1024K, reserved 1048576K
Event: 4.888 GC heap after
Heap after GC invocations=32 (full 23):
 PSYoungGen      total 24576K, used 14266K [0x000000076b600000, 0x000000076da00000, 0x00000007c0000000)
  eden space 21504K, 66% used [0x000000076b600000,0x000000076c3ee878,0x000000076cb00000)
  from space 3072K, 0% used [0x000000076cb00000,0x000000076cb00000,0x000000076ce00000)
  to   space 5632K, 0% used [0x000000076d480000,0x000000076d480000,0x000000076da00000)
 ParOldGen       total 14336K, used 14006K [0x00000006c2200000, 0x00000006c3000000, 0x000000076b600000)
  object space 14336K, 97% used [0x00000006c2200000,0x00000006c2fada10,0x00000006c3000000)
 Metaspace       used 9381K, capacity 10004K, committed 10240K, reserved 1058816K
  class space    used 967K, capacity 976K, committed 1024K, reserved 1048576K
}
Event: 5.029 GC heap before
{Heap before GC invocations=33 (full 24):
 PSYoungGen      total 24576K, used 21504K [0x000000076b600000, 0x000000076da00000, 0x00000007c0000000)
  eden space 21504K, 100% used [0x000000076b600000,0x000000076cb00000,0x000000076cb00000)
  from space 3072K, 0% used [0x000000076cb00000,0x000000076cb00000,0x000000076ce00000)
  to   space 5632K, 0% used [0x000000076d480000,0x000000076d480000,0x000000076da00000)
 ParOldGen       total 14336K, used 14006K [0x00000006c2200000, 0x00000006c3000000, 0x000000076b600000)
  object space 14336K, 97% used [0x00000006c2200000,0x00000006c2fada10,0x00000006c3000000)
 Metaspace       used 9541K, capacity 10132K, committed 10240K, reserved 1058816K
  class space    used 967K, capacity 976K, committed 1024K, reserved 1048576K
Event: 5.181 GC heap after
Heap after GC invocations=33 (full 24):
 PSYoungGen      total 24576K, used 14535K [0x000000076b600000, 0x000000076da00000, 0x00000007c0000000)
  eden space 21504K, 67% used [0x000000076b600000,0x000000076c431cb8,0x000000076cb00000)
  from space 3072K, 0% used [0x000000076cb00000,0x000000076cb00000,0x000000076ce00000)
  to   space 5632K, 0% used [0x000000076d480000,0x000000076d480000,0x000000076da00000)
 ParOldGen       total 14336K, used 14328K [0x00000006c2200000, 0x00000006c3000000, 0x000000076b600000)
  object space 14336K, 99% used [0x00000006c2200000,0x00000006c2ffe098,0x00000006c3000000)
 Metaspace       used 9541K, capacity 10132K, committed 10240K, reserved 1058816K
  class space    used 967K, capacity 976K, committed 1024K, reserved 1048576K
}
Event: 5.294 GC heap before
{Heap before GC invocations=34 (full 25):
 PSYoungGen      total 24576K, used 21504K [0x000000076b600000, 0x000000076da00000, 0x00000007c0000000)
  eden space 21504K, 100% used [0x000000076b600000,0x000000076cb00000,0x000000076cb00000)
  from space 3072K, 0% used [0x000000076cb00000,0x000000076cb00000,0x000000076ce00000)
  to   space 5632K, 0% used [0x000000076d480000,0x000000076d480000,0x000000076da00000)
 ParOldGen       total 14336K, used 14328K [0x00000006c2200000, 0x00000006c3000000, 0x000000076b600000)
  object space 14336K, 99% used [0x00000006c2200000,0x00000006c2ffe098,0x00000006c3000000)
 Metaspace       used 9608K, capacity 10196K, committed 10496K, reserved 1058816K
  class space    used 967K, capacity 976K, committed 1024K, reserved 1048576K
Event: 5.365 GC heap after
Heap after GC invocations=34 (full 25):
 PSYoungGen      total 24576K, used 15307K [0x000000076b600000, 0x000000076da00000, 0x00000007c0000000)
  eden space 21504K, 71% used [0x000000076b600000,0x000000076c4f2fe0,0x000000076cb00000)
  from space 3072K, 0% used [0x000000076cb00000,0x000000076cb00000,0x000000076ce00000)
  to   space 5632K, 0% used [0x000000076d480000,0x000000076d480000,0x000000076da00000)
 ParOldGen       total 14336K, used 14204K [0x00000006c2200000, 0x00000006c3000000, 0x000000076b600000)
  object space 14336K, 99% used [0x00000006c2200000,0x00000006c2fdf158,0x00000006c3000000)
 Metaspace       used 9608K, capacity 10196K, committed 10496K, reserved 1058816K
  class space    used 967K, capacity 976K, committed 1024K, reserved 1048576K
}
Event: 5.464 GC heap before
{Heap before GC invocations=35 (full 26):
 PSYoungGen      total 24576K, used 21504K [0x000000076b600000, 0x000000076da00000, 0x00000007c0000000)
  eden space 21504K, 100% used [0x000000076b600000,0x000000076cb00000,0x000000076cb00000)
  from space 3072K, 0% used [0x000000076cb00000,0x000000076cb00000,0x000000076ce00000)
  to   space 5632K, 0% used [0x000000076d480000,0x000000076d480000,0x000000076da00000)
 ParOldGen       total 14336K, used 14204K [0x00000006c2200000, 0x00000006c3000000, 0x000000076b600000)
  object space 14336K, 99% used [0x00000006c2200000,0x00000006c2fdf158,0x00000006c3000000)
 Metaspace       used 9661K, capacity 10260K, committed 10496K, reserved 1058816K
  class space    used 967K, capacity 976K, committed 1024K, reserved 1048576K
Event: 5.563 GC heap after
Heap after GC invocations=35 (full 26):
 PSYoungGen      total 24576K, used 15934K [0x000000076b600000, 0x000000076da00000, 0x00000007c0000000)
  eden space 21504K, 74% used [0x000000076b600000,0x000000076c58f8c8,0x000000076cb00000)
  from space 3072K, 0% used [0x000000076cb00000,0x000000076cb00000,0x000000076ce00000)
  to   space 5632K, 0% used [0x000000076d480000,0x000000076d480000,0x000000076da00000)
 ParOldGen       total 14336K, used 14033K [0x00000006c2200000, 0x00000006c3000000, 0x000000076b600000)
  object space 14336K, 97% used [0x00000006c2200000,0x00000006c2fb4740,0x00000006c3000000)
 Metaspace       used 9661K, capacity 10260K, committed 10496K, reserved 1058816K
  class space    used 967K, capacity 976K, committed 1024K, reserved 1048576K
}

Deoptimization events (10 events):
Event: 4.556 Thread 0x00000000032f2800 Uncommon trap: reason=class_check action=maybe_recompile pc=0x0000000003d2e490 method=com.sun.tools.javac.comp.Check.checkType(Lcom/sun/tools/javac/util/JCDiagnostic$DiagnosticPosition;Lcom/sun/tools/javac/code/Type;Lcom/sun/tools/javac/code/Type;Lcom/sun
Event: 4.560 Thread 0x00000000032f2800 Uncommon trap: reason=class_check action=maybe_recompile pc=0x0000000003d36634 method=com.sun.tools.javac.code.Types.isAssignable(Lcom/sun/tools/javac/code/Type;Lcom/sun/tools/javac/code/Type;Lcom/sun/tools/javac/util/Warner;)Z @ 26
Event: 4.569 Thread 0x00000000032f2800 Uncommon trap: reason=class_check action=maybe_recompile pc=0x0000000003d2e32c method=com.sun.tools.javac.code.Types.isAssignable(Lcom/sun/tools/javac/code/Type;Lcom/sun/tools/javac/code/Type;Lcom/sun/tools/javac/util/Warner;)Z @ 26
Event: 4.595 Thread 0x00000000032f2800 Uncommon trap: reason=class_check action=maybe_recompile pc=0x0000000003d2aee8 method=com.sun.tools.javac.code.Types.isAssignable(Lcom/sun/tools/javac/code/Type;Lcom/sun/tools/javac/code/Type;Lcom/sun/tools/javac/util/Warner;)Z @ 26
Event: 4.613 Thread 0x00000000032f2800 Uncommon trap: reason=class_check action=maybe_recompile pc=0x0000000003d41d48 method=com.sun.tools.javac.comp.Check.checkConflicts(Lcom/sun/tools/javac/util/JCDiagnostic$DiagnosticPosition;Lcom/sun/tools/javac/code/Symbol;Lcom/sun/tools/javac/code/Symbol
Event: 4.613 Thread 0x00000000032f2800 Uncommon trap: reason=class_check action=maybe_recompile pc=0x0000000003d41d48 method=com.sun.tools.javac.comp.Check.checkConflicts(Lcom/sun/tools/javac/util/JCDiagnostic$DiagnosticPosition;Lcom/sun/tools/javac/code/Symbol;Lcom/sun/tools/javac/code/Symbol
Event: 4.632 Thread 0x00000000032f2800 Uncommon trap: reason=class_check action=maybe_recompile pc=0x0000000003d321e8 method=com.sun.tools.javac.code.Types.isAssignable(Lcom/sun/tools/javac/code/Type;Lcom/sun/tools/javac/code/Type;Lcom/sun/tools/javac/util/Warner;)Z @ 26
Event: 4.632 Thread 0x00000000032f2800 Uncommon trap: reason=class_check action=maybe_recompile pc=0x0000000003d05174 method=com.sun.tools.javac.code.Types.isAssignable(Lcom/sun/tools/javac/code/Type;Lcom/sun/tools/javac/code/Type;Lcom/sun/tools/javac/util/Warner;)Z @ 26
Event: 4.686 Thread 0x00000000032f2800 Uncommon trap: reason=class_check action=maybe_recompile pc=0x0000000003c1c69c method=com.sun.tools.javac.comp.Check.checkDeprecated(Lcom/sun/tools/javac/util/JCDiagnostic$DiagnosticPosition;Lcom/sun/tools/javac/code/Symbol;Lcom/sun/tools/javac/code/Symbo
Event: 5.426 Thread 0x00000000032f2800 Uncommon trap: reason=bimorphic action=maybe_recompile pc=0x0000000003c31f40 method=com.sun.tools.javac.code.Type$ClassType.isErroneous()Z @ 1

Classes redefined (0 events):
No events

Internal exceptions (10 events):
Event: 0.036 Thread 0x00000000032f2800 Exception <a 'java/lang/NoSuchMethodError': Method sun.misc.Unsafe.prefetchRead(Ljava/lang/Object;J)V name or signature does not match> (0x000000076b607fc0) thrown at [D:\j\worksp~1\openjd~3\jdk8u\hotspot\src\share\vm\prims\jni.cpp, line 4012]
Event: 0.150 Thread 0x00000000032f2800 Exception <a 'java/security/PrivilegedActionException'> (0x000000076b776708) thrown at [D:\j\worksp~1\openjd~3\jdk8u\hotspot\src\share\vm\prims\jvm.cpp, line 1508]
Event: 0.150 Thread 0x00000000032f2800 Exception <a 'java/security/PrivilegedActionException'> (0x000000076b776b00) thrown at [D:\j\worksp~1\openjd~3\jdk8u\hotspot\src\share\vm\prims\jvm.cpp, line 1508]
Event: 0.151 Thread 0x00000000032f2800 Exception <a 'java/security/PrivilegedActionException'> (0x000000076b77b008) thrown at [D:\j\worksp~1\openjd~3\jdk8u\hotspot\src\share\vm\prims\jvm.cpp, line 1508]
Event: 0.151 Thread 0x00000000032f2800 Exception <a 'java/security/PrivilegedActionException'> (0x000000076b77b400) thrown at [D:\j\worksp~1\openjd~3\jdk8u\hotspot\src\share\vm\prims\jvm.cpp, line 1508]
Event: 0.151 Thread 0x00000000032f2800 Exception <a 'java/security/PrivilegedActionException'> (0x000000076b77cd28) thrown at [D:\j\worksp~1\openjd~3\jdk8u\hotspot\src\share\vm\prims\jvm.cpp, line 1508]
Event: 0.151 Thread 0x00000000032f2800 Exception <a 'java/security/PrivilegedActionException'> (0x000000076b77d120) thrown at [D:\j\worksp~1\openjd~3\jdk8u\hotspot\src\share\vm\prims\jvm.cpp, line 1508]
Event: 0.159 Thread 0x00000000032f2800 Exception <a 'java/security/PrivilegedActionException'> (0x000000076b632f18) thrown at [D:\j\worksp~1\openjd~3\jdk8u\hotspot\src\share\vm\prims\jvm.cpp, line 1508]
Event: 0.159 Thread 0x00000000032f2800 Exception <a 'java/security/PrivilegedActionException'> (0x000000076b633310) thrown at [D:\j\worksp~1\openjd~3\jdk8u\hotspot\src\share\vm\prims\jvm.cpp, line 1508]
Event: 3.300 Thread 0x00000000032f2800 Implicit null exception at 0x0000000003b08212 to 0x0000000003b0826e

Events (10 events):
Event: 5.204 Thread 0x000000001ebd5000 flushing nmethod 0x0000000003ba79d0
Event: 5.204 Thread 0x000000001ebd5000 flushing nmethod 0x0000000003ba9d10
Event: 5.209 Thread 0x000000001ebd5000 flushing nmethod 0x0000000003bc7b10
Event: 5.294 Executing VM operation: ParallelGCFailedAllocation
Event: 5.365 Executing VM operation: ParallelGCFailedAllocation done
Event: 5.426 Thread 0x00000000032f2800 Uncommon trap: trap_request=0xffffffc6 fr.pc=0x0000000003c31f40
Event: 5.426 Thread 0x00000000032f2800 DEOPT PACKING pc=0x0000000003c31f40 sp=0x000000000323e970
Event: 5.426 Thread 0x00000000032f2800 DEOPT UNPACKING pc=0x000000000343557b sp=0x000000000323e910 mode 2
Event: 5.464 Executing VM operation: ParallelGCFailedAllocation
Event: 5.563 Executing VM operation: ParallelGCFailedAllocation done


Dynamic libraries:
0x00007ff6eb010000 - 0x00007ff6eb017000 	C:\Program Files\Android\Jdk\microsoft_dist_openjdk_1.8.0.25\bin\javac.exe
0x00007ffb62710000 - 0x00007ffb62905000 	C:\Windows\SYSTEM32\ntdll.dll
0x00007ffb616a0000 - 0x00007ffb6175e000 	C:\Windows\System32\KERNEL32.DLL
0x00007ffb60100000 - 0x00007ffb603c9000 	C:\Windows\System32\KERNELBASE.dll
0x00007ffb32dd0000 - 0x00007ffb32dff000 	C:\Program Files\Android\Jdk\microsoft_dist_openjdk_1.8.0.25\bin\jli.dll
0x000000006f320000 - 0x000000006f3f1000 	C:\Program Files\Android\Jdk\microsoft_dist_openjdk_1.8.0.25\bin\MSVCR100.dll
0x00007ffb62620000 - 0x00007ffb626cc000 	C:\Windows\System32\ADVAPI32.dll
0x00007ffb623b0000 - 0x00007ffb6244e000 	C:\Windows\System32\msvcrt.dll
0x00007ffb61d00000 - 0x00007ffb61d9b000 	C:\Windows\System32\sechost.dll
0x00007ffb614c0000 - 0x00007ffb615ea000 	C:\Windows\System32\RPCRT4.dll
0x00007ffb61e10000 - 0x00007ffb61fb1000 	C:\Windows\System32\USER32.dll
0x00007ffb48fc0000 - 0x00007ffb4925a000 	C:\Windows\WinSxS\amd64_microsoft.windows.common-controls_6595b64144ccf1df_6.0.19041.1110_none_60b5254171f9507e\COMCTL32.dll
0x00007ffb5fe30000 - 0x00007ffb5fe52000 	C:\Windows\System32\win32u.dll
0x00007ffb61cd0000 - 0x00007ffb61cfb000 	C:\Windows\System32\GDI32.dll
0x00007ffb5fff0000 - 0x00007ffb600fb000 	C:\Windows\System32\gdi32full.dll
0x00007ffb603d0000 - 0x00007ffb6046d000 	C:\Windows\System32\msvcp_win.dll
0x00007ffb5fef0000 - 0x00007ffb5fff0000 	C:\Windows\System32\ucrtbase.dll
0x00007ffb60c20000 - 0x00007ffb60c50000 	C:\Windows\System32\IMM32.DLL
0x000000006f240000 - 0x000000006f311000 	C:\Program Files\Android\Jdk\microsoft_dist_openjdk_1.8.0.25\jre\bin\msvcr100.dll
0x000000006e9f0000 - 0x000000006f235000 	C:\Program Files\Android\Jdk\microsoft_dist_openjdk_1.8.0.25\jre\bin\server\jvm.dll
0x00007ffb620c0000 - 0x00007ffb620c8000 	C:\Windows\System32\PSAPI.DLL
0x00007ffb55e60000 - 0x00007ffb55e87000 	C:\Windows\SYSTEM32\WINMM.dll
0x00007ffb59c90000 - 0x00007ffb59c9a000 	C:\Windows\SYSTEM32\VERSION.dll
0x00007ffb53cf0000 - 0x00007ffb53cf9000 	C:\Windows\SYSTEM32\WSOCK32.dll
0x00007ffb61fc0000 - 0x00007ffb6202b000 	C:\Windows\System32\WS2_32.dll
0x00007ffb5ca40000 - 0x00007ffb5ca4f000 	C:\Program Files\Android\Jdk\microsoft_dist_openjdk_1.8.0.25\jre\bin\verify.dll
0x00007ffb32d20000 - 0x00007ffb32d49000 	C:\Program Files\Android\Jdk\microsoft_dist_openjdk_1.8.0.25\jre\bin\java.dll
0x00007ffb41e50000 - 0x00007ffb41e66000 	C:\Program Files\Android\Jdk\microsoft_dist_openjdk_1.8.0.25\jre\bin\zip.dll
0x00007ffb60c50000 - 0x00007ffb6138f000 	C:\Windows\System32\SHELL32.dll
0x00007ffb5df10000 - 0x00007ffb5e6a0000 	C:\Windows\SYSTEM32\windows.storage.dll
0x00007ffb60760000 - 0x00007ffb60ab5000 	C:\Windows\System32\combase.dll
0x00007ffb5f880000 - 0x00007ffb5f8ac000 	C:\Windows\SYSTEM32\Wldp.dll
0x00007ffb62450000 - 0x00007ffb624fd000 	C:\Windows\System32\SHCORE.dll
0x00007ffb61390000 - 0x00007ffb613e5000 	C:\Windows\System32\shlwapi.dll
0x00007ffb5fd70000 - 0x00007ffb5fd8f000 	C:\Windows\SYSTEM32\profapi.dll

VM Arguments:
jvm_args: -Dapplication.home=C:\Program Files\Android\Jdk\microsoft_dist_openjdk_1.8.0.25 -Xms8m -Dfile.encoding=UTF8 
java_command: com.sun.tools.javac.Main @C:\Users\CongHau\AppData\Local\Temp\tmp6656.tmp -target 1.8 -source 1.8
java_class_path (initial): C:\Program Files\Android\Jdk\microsoft_dist_openjdk_1.8.0.25/lib/tools.jar;C:\Program Files\Android\Jdk\microsoft_dist_openjdk_1.8.0.25/classes
Launcher Type: SUN_STANDARD

Environment Variables:
PATH=C:\Program Files\Android\Jdk\microsoft_dist_openjdk_1.8.0.25\bin;C:\ProgramData\Oracle\Java\javapath;C:\Windows\system32;C:\Windows;C:\Windows\System32\Wbem;C:\Windows\System32\WindowsPowerShell\v1.0\;C:\Windows\System32\OpenSSH\;C:\Users\CongHau\AppData\Local\Programs\Python\Python36-32\Lib\site-packages\cmake\data\bin;C:\Program Files\dotnet\;C:\Program Files\Microsoft SQL Server\130\Tools\Binn\;C:\Program Files\Microsoft SQL Server\Client SDK\ODBC\170\Tools\Binn\;C:\Program Files\Git\cmd;c:\Program Files (x86)\Microsoft SQL Server\110\Tools\Binn\;c:\Program Files\Microsoft SQL Server\110\Tools\Binn\;c:\Program Files\Microsoft SQL Server\110\DTS\Binn\;c:\Program Files (x86)\Microsoft SQL Server\110\Tools\Binn\ManagementStudio\;c:\Program Files (x86)\Microsoft Visual Studio 10.0\Common7\IDE\PrivateAssemblies\;c:\Program Files (x86)\Microsoft SQL Server\110\DTS\Binn\;C:\Program Files\Microsoft\Web Platform Installer\;C:\Program Files (x86)\Microsoft ASP.NET\ASP.NET Web Pages\v1.0\;C:\Program Files (x86)\Rational\common;C:\Users\CongHau\AppData\Local\Android\Sdk;C:\Program Files\nodejs\;C:\xampp\php;C:\composer;C:\Users\CongHau\AppData\Local\Programs\Python\Python37\Scripts\;C:\Users\CongHau\AppData\Local\Programs\Python\Python37\;C:\Users\CongHau\AppData\Local\Programs\Python\Python36-32\Lib\site-packages\cmake\data\bin;C:\Users\CongHau\.dotnet\tools;C:\Users\CongHau\AppData\Local\Programs\Microsoft VS Code\bin;C:\Users\CongHau\AppData\Roaming\npm;C:\Users\CongHau\AppData\Roaming\Composer\vendor\bin
USERNAME=CongHau
OS=Windows_NT
PROCESSOR_IDENTIFIER=Intel64 Family 6 Model 94 Stepping 3, GenuineIntel



---------------  S Y S T E M  ---------------

OS: Windows 10.0 , 64 bit Build 19041 (10.0.19041.1202)

CPU:total 8 (initial active 8) (4 cores per cpu, 2 threads per core) family 6 model 94 stepping 3, cmov, cx8, fxsr, mmx, sse, sse2, sse3, ssse3, sse4.1, sse4.2, popcnt, avx, avx2, aes, clmul, erms, rtm, 3dnowpref, lzcnt, ht, tsc, tscinvbit, bmi1, bmi2, adx

Memory: 4k page, physical 16636788k(2390912k free), swap 22302452k(5596k free)

vm_info: OpenJDK 64-Bit Server VM (25.71-b00) for windows-amd64 JRE (1.8.0-25-microsoft-b00), built on Feb  7 2019 20:09:14 by "builder" with MS VC++ 10.0 (VS2010)

time: Mon Nov 01 10:37:35 2021
timezone: SE Asia Standard Time
elapsed time: 5 seconds (0d 0h 0m 5s)

