#
# There is insufficient memory for the Java Runtime Environment to continue.
# Native memory allocation (malloc) failed to allocate 1048576 bytes for AllocateHeap
# Possible reasons:
#   The system is out of physical RAM or swap space
#   The process is running with CompressedOops enabled, and the Java Heap may be blocking the growth of the native heap
# Possible solutions:
#   Reduce memory load on the system
#   Increase physical memory or swap space
#   Check if swap backing store is full
#   Decrease Java heap size (-Xmx/-Xms)
#   Decrease number of Java threads
#   Decrease Java thread stack sizes (-Xss)
#   Set larger code cache with -XX:ReservedCodeCacheSize=
#   JVM is running with Zero Based Compressed Oops mode in which the Java heap is
#     placed in the first 32GB address space. The Java Heap base address is the
#     maximum limit for the native heap growth. Please use -XX:HeapBaseMinAddress
#     to set the Java Heap base and to place the Java Heap above 32GB virtual address.
# This output file may be truncated or incomplete.
#
#  Out of Memory Error (memory/allocation.inline.hpp:61), pid=10684, tid=0x0000000000005224
#
# JRE version:  (8.0) (build )
# Java VM: OpenJDK 64-Bit Server VM (25.71-b00 mixed mode windows-amd64 compressed oops)
# Failed to write core dump. Minidumps are not enabled by default on client versions of Windows
#

---------------  T H R E A D  ---------------

Current thread (0x0000000000c3e800):  JavaThread "Unknown thread" [_thread_in_vm, id=21028, stack(0x0000000002420000,0x0000000002520000)]

Stack: [0x0000000002420000,0x0000000002520000]
[error occurred during error reporting (printing stack bounds), id 0xc0000005]

Native frames: (J=compiled Java code, j=interpreted, Vv=VM code, C=native code)


---------------  P R O C E S S  ---------------

Java Threads: ( => current thread )

Other Threads:

=>0x0000000000c3e800 (exited) JavaThread "Unknown thread" [_thread_in_vm, id=21028, stack(0x0000000002420000,0x0000000002520000)]

VM state:not at safepoint (normal execution)

VM Mutex/Monitor currently owned by a thread: None

heap address: 0x00000006c2200000, size: 4062 MB, Compressed Oops mode: Zero based, Oop shift amount: 3
Narrow klass base: 0x0000000000000000, Narrow klass shift: 3
Compressed class space size: 1073741824 Address: 0x00000007c0000000

Heap:
 PSYoungGen      total 75776K, used 1300K [0x000000076b600000, 0x0000000770a80000, 0x00000007c0000000)
  eden space 65024K, 2% used [0x000000076b600000,0x000000076b7451f8,0x000000076f580000)
  from space 10752K, 0% used [0x0000000770000000,0x0000000770000000,0x0000000770a80000)
  to   space 10752K, 0% used [0x000000076f580000,0x000000076f580000,0x0000000770000000)
 ParOldGen       total 173568K, used 0K [0x00000006c2200000, 0x00000006ccb80000, 0x000000076b600000)
  object space 173568K, 0% used [0x00000006c2200000,0x00000006c2200000,0x00000006ccb80000)
 Metaspace       used 777K, capacity 4480K, committed 4480K, reserved 1056768K
  class space    used 74K, capacity 384K, committed 384K, reserved 1048576K

Card table byte_map: [0x00000000119e0000,0x00000000121d0000] byte_map_base: 0x000000000e3cf000

Marking Bits: (ParMarkBitMap*) 0x000000006f2c8f30
 Begin Bits: [0x0000000012f20000, 0x0000000016e98000)
 End Bits:   [0x0000000016e98000, 0x000000001ae10000)

Polling page: 0x0000000000b70000

CodeCache: size=245760Kb used=328Kb max_used=328Kb free=245431Kb
 bounds [0x0000000002620000, 0x0000000002890000, 0x0000000011620000]
 total_blobs=57 nmethods=0 adapters=38
 compilation: enabled

Compilation events (0 events):
No events

GC Heap History (0 events):
No events

Deoptimization events (0 events):
No events

Classes redefined (0 events):
No events

Internal exceptions (0 events):
No events

Events (10 events):
Event: 0.024 loading class java/lang/Short
Event: 0.024 loading class java/lang/Short done
Event: 0.024 loading class java/lang/Integer
Event: 0.024 loading class java/lang/Integer done
Event: 0.024 loading class java/lang/Long
Event: 0.025 loading class java/lang/Long done
Event: 0.026 loading class java/lang/NullPointerException
Event: 0.026 loading class java/lang/NullPointerException done
Event: 0.026 loading class java/lang/ArithmeticException
Event: 0.026 loading class java/lang/ArithmeticException done


Dynamic libraries:
0x00007ff6dc5c0000 - 0x00007ff6dc5f5000 	C:\Program Files\Android\Jdk\microsoft_dist_openjdk_1.8.0.25\bin\java.exe
0x00007ffb62710000 - 0x00007ffb62905000 	C:\Windows\SYSTEM32\ntdll.dll
0x00007ffb616a0000 - 0x00007ffb6175e000 	C:\Windows\System32\KERNEL32.DLL
0x00007ffb60100000 - 0x00007ffb603c9000 	C:\Windows\System32\KERNELBASE.dll
0x00007ffb62620000 - 0x00007ffb626cc000 	C:\Windows\System32\ADVAPI32.dll
0x00007ffb623b0000 - 0x00007ffb6244e000 	C:\Windows\System32\msvcrt.dll
0x00007ffb61d00000 - 0x00007ffb61d9b000 	C:\Windows\System32\sechost.dll
0x00007ffb614c0000 - 0x00007ffb615ea000 	C:\Windows\System32\RPCRT4.dll
0x00007ffb61e10000 - 0x00007ffb61fb1000 	C:\Windows\System32\USER32.dll
0x00007ffb5fe30000 - 0x00007ffb5fe52000 	C:\Windows\System32\win32u.dll
0x00007ffb61cd0000 - 0x00007ffb61cfb000 	C:\Windows\System32\GDI32.dll
0x00007ffb5fff0000 - 0x00007ffb600fb000 	C:\Windows\System32\gdi32full.dll
0x00007ffb603d0000 - 0x00007ffb6046d000 	C:\Windows\System32\msvcp_win.dll
0x00007ffb5fef0000 - 0x00007ffb5fff0000 	C:\Windows\System32\ucrtbase.dll
0x00007ffb48fc0000 - 0x00007ffb4925a000 	C:\Windows\WinSxS\amd64_microsoft.windows.common-controls_6595b64144ccf1df_6.0.19041.1110_none_60b5254171f9507e\COMCTL32.dll
0x00007ffb60c20000 - 0x00007ffb60c50000 	C:\Windows\System32\IMM32.DLL
0x000000006f350000 - 0x000000006f421000 	C:\Program Files\Android\Jdk\microsoft_dist_openjdk_1.8.0.25\jre\bin\msvcr100.dll
0x000000006eb00000 - 0x000000006f345000 	C:\Program Files\Android\Jdk\microsoft_dist_openjdk_1.8.0.25\jre\bin\server\jvm.dll
0x00007ffb620c0000 - 0x00007ffb620c8000 	C:\Windows\System32\PSAPI.DLL
0x00007ffb53cf0000 - 0x00007ffb53cf9000 	C:\Windows\SYSTEM32\WSOCK32.dll
0x00007ffb55e60000 - 0x00007ffb55e87000 	C:\Windows\SYSTEM32\WINMM.dll
0x00007ffb59c90000 - 0x00007ffb59c9a000 	C:\Windows\SYSTEM32\VERSION.dll
0x00007ffb61fc0000 - 0x00007ffb6202b000 	C:\Windows\System32\WS2_32.dll
0x00007ffb41bd0000 - 0x00007ffb41bdf000 	C:\Program Files\Android\Jdk\microsoft_dist_openjdk_1.8.0.25\jre\bin\verify.dll
0x00007ffb32e40000 - 0x00007ffb32e69000 	C:\Program Files\Android\Jdk\microsoft_dist_openjdk_1.8.0.25\jre\bin\java.dll
0x00007ffb3ec90000 - 0x00007ffb3eca6000 	C:\Program Files\Android\Jdk\microsoft_dist_openjdk_1.8.0.25\jre\bin\zip.dll

VM Arguments:
java_command: <unknown>
java_class_path (initial): .
Launcher Type: SUN_STANDARD

Environment Variables:
PATH=C:\Program Files\Android\Jdk\microsoft_dist_openjdk_1.8.0.25\bin;C:\ProgramData\Oracle\Java\javapath;C:\Windows\system32;C:\Windows;C:\Windows\System32\Wbem;C:\Windows\System32\WindowsPowerShell\v1.0\;C:\Windows\System32\OpenSSH\;C:\Users\CongHau\AppData\Local\Programs\Python\Python36-32\Lib\site-packages\cmake\data\bin;C:\Program Files\dotnet\;C:\Program Files\Microsoft SQL Server\130\Tools\Binn\;C:\Program Files\Microsoft SQL Server\Client SDK\ODBC\170\Tools\Binn\;C:\Program Files\Git\cmd;c:\Program Files (x86)\Microsoft SQL Server\110\Tools\Binn\;c:\Program Files\Microsoft SQL Server\110\Tools\Binn\;c:\Program Files\Microsoft SQL Server\110\DTS\Binn\;c:\Program Files (x86)\Microsoft SQL Server\110\Tools\Binn\ManagementStudio\;c:\Program Files (x86)\Microsoft Visual Studio 10.0\Common7\IDE\PrivateAssemblies\;c:\Program Files (x86)\Microsoft SQL Server\110\DTS\Binn\;C:\Program Files\Microsoft\Web Platform Installer\;C:\Program Files (x86)\Microsoft ASP.NET\ASP.NET Web Pages\v1.0\;C:\Program Files (x86)\Rational\common;C:\Users\CongHau\AppData\Local\Android\Sdk;C:\Program Files\nodejs\;C:\xampp\php;C:\composer;C:\Users\CongHau\AppData\Local\Programs\Python\Python37\Scripts\;C:\Users\CongHau\AppData\Local\Programs\Python\Python37\;C:\Users\CongHau\AppData\Local\Programs\Python\Python36-32\Lib\site-packages\cmake\data\bin;C:\Users\CongHau\.dotnet\tools;C:\Users\CongHau\AppData\Local\Programs\Microsoft VS Code\bin;C:\Users\CongHau\AppData\Roaming\npm;C:\Users\CongHau\AppData\Roaming\Composer\vendor\bin
USERNAME=CongHau
OS=Windows_NT
PROCESSOR_IDENTIFIER=Intel64 Family 6 Model 94 Stepping 3, GenuineIntel



---------------  S Y S T E M  ---------------

OS: Windows 10.0 , 64 bit Build 19041 (10.0.19041.1202)

CPU:total 8 (initial active 8) (4 cores per cpu, 2 threads per core) family 6 model 94 stepping 3, cmov, cx8, fxsr, mmx, sse, sse2, sse3, ssse3, sse4.1, sse4.2, popcnt, avx, avx2, aes, clmul, erms, rtm, 3dnowpref, lzcnt, ht, tsc, tscinvbit, bmi1, bmi2, adx

Memory: 4k page, physical 16636788k(1262428k free), swap 22249232k(5948k free)

vm_info: OpenJDK 64-Bit Server VM (25.71-b00) for windows-amd64 JRE (1.8.0-25-microsoft-b00), built on Feb  7 2019 20:09:14 by "builder" with MS VC++ 10.0 (VS2010)

time: Tue Nov 02 13:36:20 2021
timezone: SE Asia Standard Time
elapsed time: 0 seconds (0d 0h 0m 0s)

